<?xml version="1.0" encoding="UTF-8"?>
<testng-results ignored="0" total="3" passed="3" failed="0" skipped="0">
  <reporter-output>
  </reporter-output>
  <suite started-at="2018-06-26T02:36:03Z" name="Default suite" finished-at="2018-06-26T02:36:03Z" duration-ms="267">
    <groups>
    </groups>
    <test started-at="2018-06-26T02:36:03Z" name="Default test" finished-at="2018-06-26T02:36:03Z" duration-ms="267">
      <class name="Execution">
        <test-method signature="closeBrowser()[pri:0, instance:Execution@7530ad9c]" started-at="2018-06-26T02:36:03Z" name="closeBrowser" finished-at="2018-06-26T02:36:03Z" duration-ms="32" status="PASS">
          <reporter-output>
          </reporter-output>
        </test-method> <!-- closeBrowser -->
        <test-method signature="enterUrl()[pri:0, instance:Execution@7530ad9c]" started-at="2018-06-26T02:36:03Z" name="enterUrl" finished-at="2018-06-26T02:36:03Z" duration-ms="0" status="PASS">
          <reporter-output>
          </reporter-output>
        </test-method> <!-- enterUrl -->
        <test-method signature="launchBrowser()[pri:0, instance:Execution@7530ad9c]" started-at="2018-06-26T02:36:03Z" name="launchBrowser" finished-at="2018-06-26T02:36:03Z" duration-ms="0" status="PASS">
          <reporter-output>
          </reporter-output>
        </test-method> <!-- launchBrowser -->
      </class> <!-- Execution -->
    </test> <!-- Default test -->
  </suite> <!-- Default suite -->
</testng-results>
